[2025-07-05 08:00:01] INFO: Iniciando sistema de monitoramento.
[2025-07-05 08:00:03] INFO: Serviço de autenticação iniciado na porta 8080.
[2025-07-05 08:00:05] INFO: Conectado ao banco PostgreSQL em db.internal.local.
[2025-07-05 08:00:10] INFO: Cache Redis conectado em redis://localhost:6379.

[2025-07-05 08:01:12] INFO: Usuário 'admin' tentou login.
[2025-07-05 08:01:13] INFO: Autenticação bem-sucedida para user_id=1.
[2025-07-05 08:01:20] INFO: Requisição GET /dashboard/user/1 retornou 200 em 312ms.

[2025-07-05 08:02:11] WARNING: Tempo de resposta do endpoint /users/analytics demorou 5.2s.
[2025-07-05 08:02:15] INFO: Cache de usuários atualizado.
[2025-07-05 08:02:32] ERROR: Falha ao consultar a tabela 'transactions'. Timeout excedido.
[2025-07-05 08:02:33] INFO: Repetindo tentativa (1/3) para 'transactions'.
[2025-07-05 08:02:34] INFO: Requisição POST /transaction/save retornou 500.

[2025-07-05 08:03:01] ERROR: Conexão com API externa https://payments.api.com falhou. Código 503.
[2025-07-05 08:03:05] WARNING: Retentativa programada para 30 segundos.
[2025-07-05 08:03:15] INFO: Log de erros armazenado localmente em fallback.log.

[2025-07-05 08:04:22] INFO: Verificação de integridade do sistema iniciada.
[2025-07-05 08:04:23] INFO: Todos os serviços operacionais.
[2025-07-05 08:04:45] INFO: Sessão encerrada para user_id=1.

[2025-07-05 08:05:00] INFO: Nova conexão detectada. IP: 192.168.0.45
[2025-07-05 08:05:03] INFO: Autenticação bem-sucedida para user_id=305.

[2025-07-05 08:06:10] INFO: Upload de arquivo recebido em /upload/report_2025.pdf
[2025-07-05 08:06:11] INFO: Processamento do arquivo 'report_2025.pdf' iniciado.
[2025-07-05 08:06:35] WARNING: Arquivo 'report_2025.pdf' contém seções corrompidas.

[2025-07-05 08:07:01] ERROR: Erro interno ao processar relatório. Exception: IndexError.
[2025-07-05 08:07:03] INFO: Alerta enviado para equipe de suporte.
[2025-07-05 08:07:10] INFO: Rolback completo das transações pendentes.

[2025-07-05 08:08:00] INFO: Serviço de notificação reiniciado.
[2025-07-05 08:08:01] INFO: Emails enfileirados para envio: 23
[2025-07-05 08:08:20] INFO: Todos os emails enviados com sucesso.

[2025-07-05 08:10:00] INFO: Job agendado 'backup_full' iniciado.
[2025-07-05 08:10:02] INFO: Backup iniciado para diretório /var/data.
[2025-07-05 08:12:44] INFO: Backup concluído com sucesso. Duração: 2m 42s

[2025-07-05 08:15:00] INFO: Serviço encerrado. Desligando sistema com status 0.
